1656689060259	geckodriver	INFO	Listening on 127.0.0.1:55465
1656689060263	mozrunner::runner	INFO	Running command: "/usr/bin/firefox" "--marionette" "--remote-debugging-port" "55603" "--remote-allow-hosts" "localhost" "-no-remote" "-profile" "/tmp/rust_mozprofiledtfidi"
ATTENTION: default value of option mesa_glthread overridden by environment.
ATTENTION: default value of option mesa_glthread overridden by environment.
ATTENTION: default value of option mesa_glthread overridden by environment.
ATTENTION: default value of option mesa_glthread overridden by environment.
1656689060933	Marionette	INFO	Marionette enabled
WebDriver BiDi listening on ws://localhost:55603
console.warn: SearchSettings: "get: No settings file exists, new profile?" (new NotFoundError("Could not open the file at /tmp/rust_mozprofiledtfidi/search.json.mozlz4", (void 0)))
Missing chrome or resource URL: resource://gre/modules/UpdateListener.jsm
1656689061918	Marionette	INFO	Listening on port 39429
DevTools listening on ws://localhost:55603/devtools/browser/9322bb8b-2b13-4c94-b79c-97b21b71964a
Read port: 39429
1656689061977	RemoteAgent	WARN	TLS certificate errors will be ignored for this session
JavaScript error: https://www.holidayscalendar.com/?wordfence_syncAttackData=1656689062.4571, line 1: SyntaxError: expected expression, got '<'
JavaScript warning: https://pagead2.googlesyndication.com/bg/SDwrgNAjdQsa4VNQPO_RFNWmztQcb_iohgsAvJm3iSQ.js line 2 > eval line 6031 > eval line 1 > eval line 1 > eval, line 1: WEBGL_debug_renderer_info is deprecated in Firefox and will be removed. Please use RENDERER.
JavaScript warning: https://pagead2.googlesyndication.com/bg/SDwrgNAjdQsa4VNQPO_RFNWmztQcb_iohgsAvJm3iSQ.js line 2 > eval line 3582 > eval line 1 > eval line 1 > eval, line 1: WEBGL_debug_renderer_info is deprecated in Firefox and will be removed. Please use RENDERER.
Missing chrome or resource URL: resource://gre/modules/UpdateListener.jsm
console.error: "Error during quit-application-granted: [Exception... \"File error: Not found\"  nsresult: \"0x80520012 (NS_ERROR_FILE_NOT_FOUND)\"  location: \"JS frame :: resource:///modules/BrowserGlue.jsm :: _onQuitApplicationGranted/tasks< :: line 1969\"  data: no]"
1656689068711	Marionette	INFO	Stopped listening on port 39429
JavaScript error: , line 0: TypeError: NetworkError when attempting to fetch resource.
JavaScript error: , line 0: TypeError: NetworkError when attempting to fetch resource.
JavaScript error: , line 0: TypeError: NetworkError when attempting to fetch resource.
JavaScript error: , line 0: TypeError: NetworkError when attempting to fetch resource.
console.warn: TopSitesFeed: Failed to fetch data from Contile server: NetworkError when attempting to fetch resource.
Sandbox: Unexpected EOF, op 0 flags 00 path /proc/cpuinfo
